Building...
/Users/alexk/Projects/demo/src/demo/Models/InterestRateModels.cs(18,23): warning CS8618: Non-nullable property 'BankName' must contain a non-null value when exiting constructor. Consider adding the 'required' modifier or declaring the property as nullable. [/Users/alexk/Projects/demo/src/demo/demo.csproj]
/Users/alexk/Projects/demo/src/demo/Models/InterestRateModels.cs(9,23): warning CS8618: Non-nullable property 'Period' must contain a non-null value when exiting constructor. Consider adding the 'required' modifier or declaring the property as nullable. [/Users/alexk/Projects/demo/src/demo/demo.csproj]
/Users/alexk/Projects/demo/src/demo/Models/InterestRateModels.cs(11,23): warning CS8618: Non-nullable property 'Source' must contain a non-null value when exiting constructor. Consider adding the 'required' modifier or declaring the property as nullable. [/Users/alexk/Projects/demo/src/demo/demo.csproj]
/Users/alexk/Projects/demo/src/demo/Controllers/LoanCalculatorController.cs(19,16): warning CS8618: Non-nullable field '_loanCalculations' must contain a non-null value when exiting constructor. Consider adding the 'required' modifier or declaring the field as nullable. [/Users/alexk/Projects/demo/src/demo/demo.csproj]
/Users/alexk/Projects/demo/src/demo/Services/InterestRateScraperService.cs(24,49): warning CS1998: This async method lacks 'await' operators and will run synchronously. Consider using the 'await' operator to await non-blocking API calls, or 'await Task.Run(...)' to do CPU-bound work on a background thread. [/Users/alexk/Projects/demo/src/demo/demo.csproj]
/Users/alexk/Projects/demo/src/demo/Services/InterestRateScraperService.cs(47,49): warning CS1998: This async method lacks 'await' operators and will run synchronously. Consider using the 'await' operator to await non-blocking API calls, or 'await Task.Run(...)' to do CPU-bound work on a background thread. [/Users/alexk/Projects/demo/src/demo/demo.csproj]
/Users/alexk/Projects/demo/src/demo/Controllers/InterestRateController.cs(40,70): warning CS8600: Converting null literal or possible null value to non-nullable type. [/Users/alexk/Projects/demo/src/demo/demo.csproj]
/Users/alexk/Projects/demo/src/demo/Controllers/InterestRateController.cs(42,93): warning CS8602: Dereference of a possibly null reference. [/Users/alexk/Projects/demo/src/demo/demo.csproj]
/Users/alexk/Projects/demo/src/demo/Controllers/InterestRateController.cs(70,66): warning CS8600: Converting null literal or possible null value to non-nullable type. [/Users/alexk/Projects/demo/src/demo/demo.csproj]
/Users/alexk/Projects/demo/src/demo/Controllers/InterestRateController.cs(72,89): warning CS8602: Dereference of a possibly null reference. [/Users/alexk/Projects/demo/src/demo/demo.csproj]
/Users/alexk/Projects/demo/src/demo/Controllers/InterestRateController.cs(130,66): warning CS8600: Converting null literal or possible null value to non-nullable type. [/Users/alexk/Projects/demo/src/demo/demo.csproj]
/Users/alexk/Projects/demo/src/demo/Controllers/InterestRateController.cs(132,24): warning CS8603: Possible null reference return. [/Users/alexk/Projects/demo/src/demo/demo.csproj]
/Users/alexk/Projects/demo/src/demo/Controllers/InterestRateController.cs(147,62): warning CS8600: Converting null literal or possible null value to non-nullable type. [/Users/alexk/Projects/demo/src/demo/demo.csproj]
/Users/alexk/Projects/demo/src/demo/Controllers/InterestRateController.cs(149,24): warning CS8603: Possible null reference return. [/Users/alexk/Projects/demo/src/demo/demo.csproj]
/Users/alexk/Projects/demo/src/demo/Controllers/LoanCalculatorController.cs(110,44): warning CS8600: Converting null literal or possible null value to non-nullable type. [/Users/alexk/Projects/demo/src/demo/demo.csproj]
info: Microsoft.Hosting.Lifetime[14]
      Now listening on: http://localhost:5062
info: Microsoft.Hosting.Lifetime[0]
      Application started. Press Ctrl+C to shut down.
info: Microsoft.Hosting.Lifetime[0]
      Hosting environment: Development
info: Microsoft.Hosting.Lifetime[0]
      Content root path: /Users/alexk/Projects/demo/src/demo
info: Program[0]
      Handling request: GET /api/InterestRate/mortgage
warn: Microsoft.AspNetCore.HttpsPolicy.HttpsRedirectionMiddleware[3]
      Failed to determine the https port for redirect.
info: Program[0]
      Response status: 200
info: Program[0]
      Handling request: GET /api/InterestRate/loan
info: Program[0]
      Response status: 200
info: Program[0]
      Handling request: GET /api/InterestRate/average/mortgage
info: demo.Controllers.InterestRateController[0]
      Returning average mortgage rate: 4.2% (IsDefault: False)
info: Program[0]
      Response status: 200
info: Program[0]
      Handling request: GET /api/InterestRate/average/loan
info: demo.Controllers.InterestRateController[0]
      Returning average loan rate: 6.5% (IsDefault: False)
info: Program[0]
      Response status: 200
info: Microsoft.Hosting.Lifetime[0]
      Application is shutting down...
